{
  "RSpec": {
    "coverage": {
      "/Users/timjones/Projects/Bookmarks/bookmark_manager_Aram/spec/features/creating_links_spec.rb": [
        1,
        1,
        1,
        1,
        null,
        null
      ],
      "/Users/timjones/Projects/Bookmarks/bookmark_manager_Aram/spec/features/homepage_links_spec.rb": [
        null,
        1,
        1,
        1,
        1,
        null,
        1,
        1,
        null,
        null,
        null,
        null
      ]
    },
    "timestamp": 1508338361
  }
}
